2012/11/17 23:39:28 [error] [php] include(User.php): failed to open stream: No such file or directory (/opt/lampp/htdocs/yiiframework/yii-1.1.12.b600af/framework/YiiBase.php:423)
Stack trace:
#0 /opt/lampp/htdocs/laboral/web/protected/components/UserIdentity.php(18): spl_autoload_call()
#1 /opt/lampp/htdocs/laboral/web/protected/models/LoginForm.php(52): UserIdentity->authenticate()
#2 /opt/lampp/htdocs/yiiframework/yii-1.1.12.b600af/framework/validators/CInlineValidator.php(43): LoginForm->authenticate()
#3 /opt/lampp/htdocs/yiiframework/yii-1.1.12.b600af/framework/validators/CValidator.php(214): CInlineValidator->validateAttribute()
#4 /opt/lampp/htdocs/yiiframework/yii-1.1.12.b600af/framework/base/CModel.php(158): CInlineValidator->validate()
#5 /opt/lampp/htdocs/laboral/web/protected/controllers/SiteController.php(94): LoginForm->validate()
#6 /opt/lampp/htdocs/yiiframework/yii-1.1.12.b600af/framework/web/actions/CInlineAction.php(50): SiteController->actionLogin()
#7 /opt/lampp/htdocs/yiiframework/yii-1.1.12.b600af/framework/web/CController.php(309): CInlineAction->runWithParams()
#8 /opt/lampp/htdocs/yiiframework/yii-1.1.12.b600af/framework/web/CController.php(287): SiteController->runAction()
#9 /opt/lampp/htdocs/yiiframework/yii-1.1.12.b600af/framework/web/CController.php(266): SiteController->runActionWithFilters()
#10 /opt/lampp/htdocs/yiiframework/yii-1.1.12.b600af/framework/web/CWebApplication.php(283): SiteController->run()
#11 /opt/lampp/htdocs/yiiframework/yii-1.1.12.b600af/framework/web/CWebApplication.php(142): CWebApplication->runController()
#12 /opt/lampp/htdocs/yiiframework/yii-1.1.12.b600af/framework/base/CApplication.php(162): CWebApplication->processRequest()
#13 /opt/lampp/htdocs/laboral/web/index.php(13): CWebApplication->run()
REQUEST_URI=/laboral/web/index.php?r=site/login
in /opt/lampp/htdocs/laboral/web/protected/components/UserIdentity.php (18)
in /opt/lampp/htdocs/laboral/web/protected/models/LoginForm.php (52)
in /opt/lampp/htdocs/laboral/web/protected/controllers/SiteController.php (94)
2012/11/17 23:54:14 [error] [php] include(User.php): failed to open stream: No such file or directory (/opt/lampp/htdocs/yiiframework/yii-1.1.12.b600af/framework/YiiBase.php:423)
Stack trace:
#0 /opt/lampp/htdocs/laboral/web/protected/components/UserIdentity.php(18): spl_autoload_call()
#1 /opt/lampp/htdocs/laboral/web/protected/models/LoginForm.php(52): UserIdentity->authenticate()
#2 /opt/lampp/htdocs/yiiframework/yii-1.1.12.b600af/framework/validators/CInlineValidator.php(43): LoginForm->authenticate()
#3 /opt/lampp/htdocs/yiiframework/yii-1.1.12.b600af/framework/validators/CValidator.php(214): CInlineValidator->validateAttribute()
#4 /opt/lampp/htdocs/yiiframework/yii-1.1.12.b600af/framework/base/CModel.php(158): CInlineValidator->validate()
#5 /opt/lampp/htdocs/laboral/web/protected/controllers/SiteController.php(94): LoginForm->validate()
#6 /opt/lampp/htdocs/yiiframework/yii-1.1.12.b600af/framework/web/actions/CInlineAction.php(50): SiteController->actionLogin()
#7 /opt/lampp/htdocs/yiiframework/yii-1.1.12.b600af/framework/web/CController.php(309): CInlineAction->runWithParams()
#8 /opt/lampp/htdocs/yiiframework/yii-1.1.12.b600af/framework/web/CController.php(287): SiteController->runAction()
#9 /opt/lampp/htdocs/yiiframework/yii-1.1.12.b600af/framework/web/CController.php(266): SiteController->runActionWithFilters()
#10 /opt/lampp/htdocs/yiiframework/yii-1.1.12.b600af/framework/web/CWebApplication.php(283): SiteController->run()
#11 /opt/lampp/htdocs/yiiframework/yii-1.1.12.b600af/framework/web/CWebApplication.php(142): CWebApplication->runController()
#12 /opt/lampp/htdocs/yiiframework/yii-1.1.12.b600af/framework/base/CApplication.php(162): CWebApplication->processRequest()
#13 /opt/lampp/htdocs/laboral/web/index.php(13): CWebApplication->run()
REQUEST_URI=/laboral/web/index.php?r=site/login
in /opt/lampp/htdocs/laboral/web/protected/components/UserIdentity.php (18)
in /opt/lampp/htdocs/laboral/web/protected/models/LoginForm.php (52)
in /opt/lampp/htdocs/laboral/web/protected/controllers/SiteController.php (94)
2012/11/18 00:14:13 [error] [exception.CHttpException.403] exception 'CHttpException' with message 'You are not authorized to perform this action.' in /opt/lampp/htdocs/yiiframework/yii-1.1.12.b600af/framework/web/auth/CAccessControlFilter.php:170
Stack trace:
#0 /opt/lampp/htdocs/yiiframework/yii-1.1.12.b600af/framework/web/auth/CAccessControlFilter.php(133): CAccessControlFilter->accessDenied(Object(CWebUser), 'You are not aut...')
#1 /opt/lampp/htdocs/yiiframework/yii-1.1.12.b600af/framework/web/filters/CFilter.php(39): CAccessControlFilter->preFilter(Object(CFilterChain))
#2 /opt/lampp/htdocs/yiiframework/yii-1.1.12.b600af/framework/web/CController.php(1146): CFilter->filter(Object(CFilterChain))
#3 /opt/lampp/htdocs/yiiframework/yii-1.1.12.b600af/framework/web/filters/CInlineFilter.php(59): CController->filterAccessControl(Object(CFilterChain))
#4 /opt/lampp/htdocs/yiiframework/yii-1.1.12.b600af/framework/web/filters/CFilterChain.php(131): CInlineFilter->filter(Object(CFilterChain))
#5 /opt/lampp/htdocs/yiiframework/yii-1.1.12.b600af/framework/web/CController.php(292): CFilterChain->run()
#6 /opt/lampp/htdocs/yiiframework/yii-1.1.12.b600af/framework/web/CController.php(266): CController->runActionWithFilters(Object(CInlineAction), Array)
#7 /opt/lampp/htdocs/yiiframework/yii-1.1.12.b600af/framework/web/CWebApplication.php(283): CController->run('admin')
#8 /opt/lampp/htdocs/yiiframework/yii-1.1.12.b600af/framework/web/CWebApplication.php(142): CWebApplication->runController('usuarios/admin')
#9 /opt/lampp/htdocs/yiiframework/yii-1.1.12.b600af/framework/base/CApplication.php(162): CWebApplication->processRequest()
#10 /opt/lampp/htdocs/laboral/web/index.php(13): CApplication->run()
#11 {main}
REQUEST_URI=/laboral/web/index.php?r=usuarios/admin
HTTP_REFERER=http://localhost/laboral/web/index.php?r=usuarios/create
---
2012/11/18 00:24:20 [error] [exception.CException] exception 'CException' with message 'Property "LoginForm.Recordarme" is not defined.' in /opt/lampp/htdocs/yiiframework/yii-1.1.12.b600af/framework/base/CComponent.php:131
Stack trace:
#0 /opt/lampp/htdocs/yiiframework/yii-1.1.12.b600af/framework/web/helpers/CHtml.php(2158): CComponent->__get('Recordarme')
#1 /opt/lampp/htdocs/yiiframework/yii-1.1.12.b600af/framework/web/helpers/CHtml.php(1460): CHtml::resolveValue(Object(LoginForm), 'Recordarme')
#2 /opt/lampp/htdocs/yiiframework/yii-1.1.12.b600af/framework/web/widgets/CActiveForm.php(748): CHtml::activeCheckBox(Object(LoginForm), 'Recordarme', Array)
#3 /opt/lampp/htdocs/laboral/web/protected/views/site/login.php(40): CActiveForm->checkBox(Object(LoginForm), 'Recordarme')
#4 /opt/lampp/htdocs/yiiframework/yii-1.1.12.b600af/framework/web/CBaseController.php(127): require('/opt/lampp/htdo...')
#5 /opt/lampp/htdocs/yiiframework/yii-1.1.12.b600af/framework/web/CBaseController.php(96): CBaseController->renderInternal('/opt/lampp/htdo...', Array, true)
#6 /opt/lampp/htdocs/yiiframework/yii-1.1.12.b600af/framework/web/CController.php(870): CBaseController->renderFile('/opt/lampp/htdo...', Array, true)
#7 /opt/lampp/htdocs/yiiframework/yii-1.1.12.b600af/framework/web/CController.php(783): CController->renderPartial('login', Array, true)
#8 /opt/lampp/htdocs/laboral/web/protected/controllers/SiteController.php(98): CController->render('login', Array)
#9 /opt/lampp/htdocs/yiiframework/yii-1.1.12.b600af/framework/web/actions/CInlineAction.php(50): SiteController->actionLogin()
#10 /opt/lampp/htdocs/yiiframework/yii-1.1.12.b600af/framework/web/CController.php(309): CInlineAction->runWithParams(Array)
#11 /opt/lampp/htdocs/yiiframework/yii-1.1.12.b600af/framework/web/CController.php(287): CController->runAction(Object(CInlineAction))
#12 /opt/lampp/htdocs/yiiframework/yii-1.1.12.b600af/framework/web/CController.php(266): CController->runActionWithFilters(Object(CInlineAction), Array)
#13 /opt/lampp/htdocs/yiiframework/yii-1.1.12.b600af/framework/web/CWebApplication.php(283): CController->run('login')
#14 /opt/lampp/htdocs/yiiframework/yii-1.1.12.b600af/framework/web/CWebApplication.php(142): CWebApplication->runController('site/login')
#15 /opt/lampp/htdocs/yiiframework/yii-1.1.12.b600af/framework/base/CApplication.php(162): CWebApplication->processRequest()
#16 /opt/lampp/htdocs/laboral/web/index.php(13): CApplication->run()
#17 {main}
REQUEST_URI=/laboral/web/index.php?r=site/login
HTTP_REFERER=http://localhost/laboral/web/index.php?r=site/page&view=about
---
2012/11/18 00:24:22 [error] [exception.CException] exception 'CException' with message 'Property "LoginForm.Recordarme" is not defined.' in /opt/lampp/htdocs/yiiframework/yii-1.1.12.b600af/framework/base/CComponent.php:131
Stack trace:
#0 /opt/lampp/htdocs/yiiframework/yii-1.1.12.b600af/framework/web/helpers/CHtml.php(2158): CComponent->__get('Recordarme')
#1 /opt/lampp/htdocs/yiiframework/yii-1.1.12.b600af/framework/web/helpers/CHtml.php(1460): CHtml::resolveValue(Object(LoginForm), 'Recordarme')
#2 /opt/lampp/htdocs/yiiframework/yii-1.1.12.b600af/framework/web/widgets/CActiveForm.php(748): CHtml::activeCheckBox(Object(LoginForm), 'Recordarme', Array)
#3 /opt/lampp/htdocs/laboral/web/protected/views/site/login.php(40): CActiveForm->checkBox(Object(LoginForm), 'Recordarme')
#4 /opt/lampp/htdocs/yiiframework/yii-1.1.12.b600af/framework/web/CBaseController.php(127): require('/opt/lampp/htdo...')
#5 /opt/lampp/htdocs/yiiframework/yii-1.1.12.b600af/framework/web/CBaseController.php(96): CBaseController->renderInternal('/opt/lampp/htdo...', Array, true)
#6 /opt/lampp/htdocs/yiiframework/yii-1.1.12.b600af/framework/web/CController.php(870): CBaseController->renderFile('/opt/lampp/htdo...', Array, true)
#7 /opt/lampp/htdocs/yiiframework/yii-1.1.12.b600af/framework/web/CController.php(783): CController->renderPartial('login', Array, true)
#8 /opt/lampp/htdocs/laboral/web/protected/controllers/SiteController.php(98): CController->render('login', Array)
#9 /opt/lampp/htdocs/yiiframework/yii-1.1.12.b600af/framework/web/actions/CInlineAction.php(50): SiteController->actionLogin()
#10 /opt/lampp/htdocs/yiiframework/yii-1.1.12.b600af/framework/web/CController.php(309): CInlineAction->runWithParams(Array)
#11 /opt/lampp/htdocs/yiiframework/yii-1.1.12.b600af/framework/web/CController.php(287): CController->runAction(Object(CInlineAction))
#12 /opt/lampp/htdocs/yiiframework/yii-1.1.12.b600af/framework/web/CController.php(266): CController->runActionWithFilters(Object(CInlineAction), Array)
#13 /opt/lampp/htdocs/yiiframework/yii-1.1.12.b600af/framework/web/CWebApplication.php(283): CController->run('login')
#14 /opt/lampp/htdocs/yiiframework/yii-1.1.12.b600af/framework/web/CWebApplication.php(142): CWebApplication->runController('site/login')
#15 /opt/lampp/htdocs/yiiframework/yii-1.1.12.b600af/framework/base/CApplication.php(162): CWebApplication->processRequest()
#16 /opt/lampp/htdocs/laboral/web/index.php(13): CApplication->run()
#17 {main}
REQUEST_URI=/laboral/web/index.php?r=site/login
HTTP_REFERER=http://localhost/laboral/web/index.php?r=site/page&view=about
---
2012/11/18 00:44:18 [error] [php] Undefined variable: model (/opt/lampp/htdocs/laboral/web/protected/views/site/index.php:31)
Stack trace:
#0 /opt/lampp/htdocs/yiiframework/yii-1.1.12.b600af/framework/web/CController.php(870): SiteController->renderFile()
#1 /opt/lampp/htdocs/yiiframework/yii-1.1.12.b600af/framework/web/CController.php(783): SiteController->renderPartial()
#2 /opt/lampp/htdocs/laboral/web/protected/controllers/SiteController.php(32): SiteController->render()
#3 /opt/lampp/htdocs/yiiframework/yii-1.1.12.b600af/framework/web/actions/CInlineAction.php(50): SiteController->actionIndex()
#4 /opt/lampp/htdocs/yiiframework/yii-1.1.12.b600af/framework/web/CController.php(309): CInlineAction->runWithParams()
#5 /opt/lampp/htdocs/yiiframework/yii-1.1.12.b600af/framework/web/CController.php(287): SiteController->runAction()
#6 /opt/lampp/htdocs/yiiframework/yii-1.1.12.b600af/framework/web/CController.php(266): SiteController->runActionWithFilters()
#7 /opt/lampp/htdocs/yiiframework/yii-1.1.12.b600af/framework/web/CWebApplication.php(283): SiteController->run()
#8 /opt/lampp/htdocs/yiiframework/yii-1.1.12.b600af/framework/web/CWebApplication.php(142): CWebApplication->runController()
#9 /opt/lampp/htdocs/yiiframework/yii-1.1.12.b600af/framework/base/CApplication.php(162): CWebApplication->processRequest()
#10 /opt/lampp/htdocs/laboral/web/index.php(13): CWebApplication->run()
REQUEST_URI=/laboral/web/index.php?r=site/index
in /opt/lampp/htdocs/laboral/web/protected/views/site/index.php (31)
in /opt/lampp/htdocs/laboral/web/protected/controllers/SiteController.php (32)
in /opt/lampp/htdocs/laboral/web/index.php (13)
2012/11/18 00:44:19 [error] [php] Undefined variable: model (/opt/lampp/htdocs/laboral/web/protected/views/site/index.php:31)
Stack trace:
#0 /opt/lampp/htdocs/yiiframework/yii-1.1.12.b600af/framework/web/CController.php(870): SiteController->renderFile()
#1 /opt/lampp/htdocs/yiiframework/yii-1.1.12.b600af/framework/web/CController.php(783): SiteController->renderPartial()
#2 /opt/lampp/htdocs/laboral/web/protected/controllers/SiteController.php(32): SiteController->render()
#3 /opt/lampp/htdocs/yiiframework/yii-1.1.12.b600af/framework/web/actions/CInlineAction.php(50): SiteController->actionIndex()
#4 /opt/lampp/htdocs/yiiframework/yii-1.1.12.b600af/framework/web/CController.php(309): CInlineAction->runWithParams()
#5 /opt/lampp/htdocs/yiiframework/yii-1.1.12.b600af/framework/web/CController.php(287): SiteController->runAction()
#6 /opt/lampp/htdocs/yiiframework/yii-1.1.12.b600af/framework/web/CController.php(266): SiteController->runActionWithFilters()
#7 /opt/lampp/htdocs/yiiframework/yii-1.1.12.b600af/framework/web/CWebApplication.php(283): SiteController->run()
#8 /opt/lampp/htdocs/yiiframework/yii-1.1.12.b600af/framework/web/CWebApplication.php(142): CWebApplication->runController()
#9 /opt/lampp/htdocs/yiiframework/yii-1.1.12.b600af/framework/base/CApplication.php(162): CWebApplication->processRequest()
#10 /opt/lampp/htdocs/laboral/web/index.php(13): CWebApplication->run()
REQUEST_URI=/laboral/web/index.php?r=site/index
in /opt/lampp/htdocs/laboral/web/protected/views/site/index.php (31)
in /opt/lampp/htdocs/laboral/web/protected/controllers/SiteController.php (32)
in /opt/lampp/htdocs/laboral/web/index.php (13)
2012/11/18 00:44:19 [error] [php] Undefined variable: model (/opt/lampp/htdocs/laboral/web/protected/views/site/index.php:31)
Stack trace:
#0 /opt/lampp/htdocs/yiiframework/yii-1.1.12.b600af/framework/web/CController.php(870): SiteController->renderFile()
#1 /opt/lampp/htdocs/yiiframework/yii-1.1.12.b600af/framework/web/CController.php(783): SiteController->renderPartial()
#2 /opt/lampp/htdocs/laboral/web/protected/controllers/SiteController.php(32): SiteController->render()
#3 /opt/lampp/htdocs/yiiframework/yii-1.1.12.b600af/framework/web/actions/CInlineAction.php(50): SiteController->actionIndex()
#4 /opt/lampp/htdocs/yiiframework/yii-1.1.12.b600af/framework/web/CController.php(309): CInlineAction->runWithParams()
#5 /opt/lampp/htdocs/yiiframework/yii-1.1.12.b600af/framework/web/CController.php(287): SiteController->runAction()
#6 /opt/lampp/htdocs/yiiframework/yii-1.1.12.b600af/framework/web/CController.php(266): SiteController->runActionWithFilters()
#7 /opt/lampp/htdocs/yiiframework/yii-1.1.12.b600af/framework/web/CWebApplication.php(283): SiteController->run()
#8 /opt/lampp/htdocs/yiiframework/yii-1.1.12.b600af/framework/web/CWebApplication.php(142): CWebApplication->runController()
#9 /opt/lampp/htdocs/yiiframework/yii-1.1.12.b600af/framework/base/CApplication.php(162): CWebApplication->processRequest()
#10 /opt/lampp/htdocs/laboral/web/index.php(13): CWebApplication->run()
REQUEST_URI=/laboral/web/index.php?r=site/index
in /opt/lampp/htdocs/laboral/web/protected/views/site/index.php (31)
in /opt/lampp/htdocs/laboral/web/protected/controllers/SiteController.php (32)
in /opt/lampp/htdocs/laboral/web/index.php (13)
2012/11/18 00:44:19 [error] [php] Undefined variable: model (/opt/lampp/htdocs/laboral/web/protected/views/site/index.php:31)
Stack trace:
#0 /opt/lampp/htdocs/yiiframework/yii-1.1.12.b600af/framework/web/CController.php(870): SiteController->renderFile()
#1 /opt/lampp/htdocs/yiiframework/yii-1.1.12.b600af/framework/web/CController.php(783): SiteController->renderPartial()
#2 /opt/lampp/htdocs/laboral/web/protected/controllers/SiteController.php(32): SiteController->render()
#3 /opt/lampp/htdocs/yiiframework/yii-1.1.12.b600af/framework/web/actions/CInlineAction.php(50): SiteController->actionIndex()
#4 /opt/lampp/htdocs/yiiframework/yii-1.1.12.b600af/framework/web/CController.php(309): CInlineAction->runWithParams()
#5 /opt/lampp/htdocs/yiiframework/yii-1.1.12.b600af/framework/web/CController.php(287): SiteController->runAction()
#6 /opt/lampp/htdocs/yiiframework/yii-1.1.12.b600af/framework/web/CController.php(266): SiteController->runActionWithFilters()
#7 /opt/lampp/htdocs/yiiframework/yii-1.1.12.b600af/framework/web/CWebApplication.php(283): SiteController->run()
#8 /opt/lampp/htdocs/yiiframework/yii-1.1.12.b600af/framework/web/CWebApplication.php(142): CWebApplication->runController()
#9 /opt/lampp/htdocs/yiiframework/yii-1.1.12.b600af/framework/base/CApplication.php(162): CWebApplication->processRequest()
#10 /opt/lampp/htdocs/laboral/web/index.php(13): CWebApplication->run()
REQUEST_URI=/laboral/web/index.php?r=site/index
in /opt/lampp/htdocs/laboral/web/protected/views/site/index.php (31)
in /opt/lampp/htdocs/laboral/web/protected/controllers/SiteController.php (32)
in /opt/lampp/htdocs/laboral/web/index.php (13)
2012/11/18 02:17:54 [error] [exception.CHttpException.404] exception 'CHttpException' with message 'The system is unable to find the requested action "admin".' in /opt/lampp/htdocs/yiiframework/yii-1.1.12.b600af/framework/web/CController.php:484
Stack trace:
#0 /opt/lampp/htdocs/yiiframework/yii-1.1.12.b600af/framework/web/CController.php(271): CController->missingAction('admin')
#1 /opt/lampp/htdocs/yiiframework/yii-1.1.12.b600af/framework/web/CWebApplication.php(283): CController->run('admin')
#2 /opt/lampp/htdocs/yiiframework/yii-1.1.12.b600af/framework/web/CWebApplication.php(142): CWebApplication->runController('site/admin')
#3 /opt/lampp/htdocs/yiiframework/yii-1.1.12.b600af/framework/base/CApplication.php(162): CWebApplication->processRequest()
#4 /opt/lampp/htdocs/laboral/web/index.php(13): CApplication->run()
#5 {main}
REQUEST_URI=/laboral/web/index.php?r=site/admin
---
2012/11/18 03:26:17 [error] [php] Undefined variable: r (/opt/lampp/htdocs/laboral/web/protected/views/layouts/main.php:28)
Stack trace:
#0 /opt/lampp/htdocs/yiiframework/yii-1.1.12.b600af/framework/web/widgets/CContentDecorator.php(77): SiteController->renderFile()
#1 /opt/lampp/htdocs/yiiframework/yii-1.1.12.b600af/framework/web/widgets/CContentDecorator.php(55): CContentDecorator->decorate()
#2 /opt/lampp/htdocs/yiiframework/yii-1.1.12.b600af/framework/web/widgets/COutputProcessor.php(45): CContentDecorator->processOutput()
#3 /opt/lampp/htdocs/yiiframework/yii-1.1.12.b600af/framework/web/CBaseController.php(207): CContentDecorator->run()
#4 /opt/lampp/htdocs/yiiframework/yii-1.1.12.b600af/framework/web/CBaseController.php(301): SiteController->endWidget()
#5 /opt/lampp/htdocs/laboral/web/protected/views/layouts/column1.php(6): SiteController->endContent()
#6 /opt/lampp/htdocs/yiiframework/yii-1.1.12.b600af/framework/web/CBaseController.php(127): require()
#7 /opt/lampp/htdocs/yiiframework/yii-1.1.12.b600af/framework/web/CBaseController.php(96): SiteController->renderInternal()
#8 /opt/lampp/htdocs/yiiframework/yii-1.1.12.b600af/framework/web/CController.php(785): SiteController->renderFile()
#9 /opt/lampp/htdocs/laboral/web/protected/controllers/SiteController.php(98): SiteController->render()
#10 /opt/lampp/htdocs/yiiframework/yii-1.1.12.b600af/framework/web/actions/CInlineAction.php(50): SiteController->actionLogin()
#11 /opt/lampp/htdocs/yiiframework/yii-1.1.12.b600af/framework/web/CController.php(309): CInlineAction->runWithParams()
#12 /opt/lampp/htdocs/yiiframework/yii-1.1.12.b600af/framework/web/CController.php(287): SiteController->runAction()
#13 /opt/lampp/htdocs/yiiframework/yii-1.1.12.b600af/framework/web/CController.php(266): SiteController->runActionWithFilters()
#14 /opt/lampp/htdocs/yiiframework/yii-1.1.12.b600af/framework/web/CWebApplication.php(283): SiteController->run()
#15 /opt/lampp/htdocs/yiiframework/yii-1.1.12.b600af/framework/web/CWebApplication.php(142): CWebApplication->runController()
#16 /opt/lampp/htdocs/yiiframework/yii-1.1.12.b600af/framework/base/CApplication.php(162): CWebApplication->processRequest()
#17 /opt/lampp/htdocs/laboral/web/index.php(13): CWebApplication->run()
REQUEST_URI=/laboral/web/index.php?r=site/login
in /opt/lampp/htdocs/laboral/web/protected/views/layouts/main.php (28)
in /opt/lampp/htdocs/laboral/web/protected/views/layouts/column1.php (6)
in /opt/lampp/htdocs/laboral/web/protected/controllers/SiteController.php (98)
